<?xml version="1.0" encoding="UTF-8"?>
<!-- Generated by org.testng.reporters.JUnitReportReporter -->
<testsuite skipped="0" hostname="CybertekSchools-iMac-2.local" name="com.bookit.tests.APIDay3" tests="1" failures="0" timestamp="16 Jan 2019 15:56:03 GMT" time="2.459" errors="0">
  <testcase name="regionPOSTv3" time="2.459" classname="com.bookit.tests.APIDay3"/>
</testsuite> <!-- com.bookit.tests.APIDay3 -->
