<?xml version="1.0" encoding="UTF-8"?>
<!-- Generated by org.testng.reporters.JUnitReportReporter -->
<testsuite skipped="0" hostname="CybertekSchools-iMac-2.local" name="com.bookit.tests.JDBCTest" tests="1" failures="0" timestamp="08 Jan 2019 16:37:12 GMT" time="0.208" errors="0">
  <testcase name="PostGreSQL" time="0.208" classname="com.bookit.tests.JDBCTest"/>
</testsuite> <!-- com.bookit.tests.JDBCTest -->
